[[6.86066391e-05 7.07911515e-05 1.37196454e-04 ... 1.37196454e-04
  7.07911515e-05 6.86066391e-05]
 [8.44000391e-04 7.26045978e-05 1.68782883e-03 ... 1.68782883e-03
  7.26045954e-05 8.44000391e-04]
 [8.44000392e-04 7.26045924e-05 1.68782883e-03 ... 1.68782883e-03
  7.26045952e-05 8.44000391e-04]
 ...
 [8.44000392e-04 7.26045925e-05 1.68782883e-03 ... 1.68782883e-03
  7.26045951e-05 8.44000392e-04]
 [8.44000392e-04 7.26045980e-05 1.68782883e-03 ... 1.68782883e-03
  7.26045951e-05 8.44000392e-04]
 [6.86066392e-05 7.07911515e-05 1.37196454e-04 ... 1.37196454e-04
  7.07911515e-05 6.86066392e-05]]
[0.00095288 0.01173808 0.01173808 0.00207713 0.00207713 0.02227561
 0.02227561 0.00320514 0.00320514 0.03213931 0.03213931 0.00426278
 0.00426278 0.04102195 0.04102195 0.005201   0.005201   0.04865067
 0.04865067 0.00598601 0.00598601 0.05479171 0.05479171 0.0065917
 0.0065917  0.05925703 0.05925703 0.00699856 0.00699856 0.06190995
 0.06190995 0.00719369 0.00719369 0.06266927 0.06266927 0.00717092
 0.00717092 0.06151176 0.06151176 0.00693096 0.00693096 0.05847284
 0.05847284 0.00648141 0.00648141 0.05364552 0.05364552 0.00583655
 0.00583655 0.04717758 0.04717758 0.00501727 0.00501727 0.03926706
 0.03926706 0.00405108 0.00405108 0.03015645 0.03015645 0.00297389
 0.00297389 0.02012595 0.02012595 0.00184127 0.00184127 0.00949056
 0.00949056 0.00084389 0.00084389 0.00164623 0.00164623 0.00106531
 0.00106531 0.01239273 0.01239273 0.00214642 0.00214642 0.02289891
 0.02289891 0.0032722  0.0032722  0.03271129 0.03271129 0.00432372
 0.00432372 0.041525   0.041525   0.00525349 0.00525349 0.04906937
 0.04906937 0.00602825 0.00602825 0.05511324 0.05511324 0.00662233
 0.00662233 0.05947153 0.05947153 0.0070166  0.0070166  0.06201087
 0.06201087 0.00719856 0.00719856 0.06265352 0.06265352 0.00716247
 0.00716247 0.06137982 0.06137982 0.00690946 0.00690946 0.05822875
 0.05822875 0.00644754 0.00644754 0.05329675 0.05329675 0.0057914
 0.0057914  0.0467348  0.0467348  0.00496231 0.00496231 0.03874384
 0.03874384 0.00398822 0.00398822 0.02956885 0.02956885 0.00290573
 0.00290573 0.01949211 0.01949211 0.00177277 0.00177277 0.00883129
 0.00883129 0.0008049  0.0008049  0.00226504 0.00226504 0.00112323
 0.00112323 0.01304628 0.01304628 0.00221576 0.00221576 0.02351961
 0.02351961 0.00333896 0.00333896 0.03327955 0.03327955 0.00438421
 0.00438421 0.04202333 0.04202333 0.00530541 0.00530541 0.04948249
 0.04948249 0.00606983 0.00606983 0.05542849 0.05542849 0.00665221
 0.00665221 0.05967927 0.05967927 0.00703384 0.00703384 0.06210473
 0.06210473 0.00720262 0.00720262 0.06263064 0.06263064 0.00715322
 0.00715322 0.06124089 0.06124089 0.00688719 0.00688719 0.05797803
 0.05797803 0.00641295 0.00641295 0.05294191 0.05294191 0.0057456
 0.0057456  0.0462867  0.0462867  0.00490681 0.00490681 0.03821622
 0.03821622 0.00392496 0.00392496 0.02897789 0.02897789 0.00283736
 0.00283736 0.01885608 0.01885608 0.0017046  0.0017046  0.00817137
 0.00817137 0.0007715  0.0007715  0.00290557 0.00290557 0.00118313
 0.00118313 0.01369845 0.01369845 0.00228511 0.00228511 0.02413766
 0.02413766 0.00340543 0.00340543 0.03384404 0.03384404 0.00444424
 0.00444424 0.04251689 0.04251689 0.00535673 0.00535673 0.04988999
 0.04988999 0.00611072 0.00611072 0.05573744 0.05573744 0.00668135
 0.00668135 0.05988023 0.05988023 0.0070503  0.0070503  0.06219154
 0.06219154 0.00720587 0.00720587 0.06260064 0.06260064 0.00714316
 0.00714316 0.061095   0.061095   0.00686414 0.00686414 0.05772072
 0.05772072 0.00637764 0.00637764 0.05258105 0.05258105 0.00569916
 0.00569916 0.04583335 0.04583335 0.00485077 0.00485077 0.03768425
 0.03768425 0.00386131 0.00386131 0.02838364 0.02838364 0.0027688
 0.0027688  0.01821794 0.01821794 0.00163684 0.00163684 0.00751095
 0.00751095 0.00074448 0.00074448 0.0035559  0.0035559  0.00124469
 0.00124469 0.01434916 0.01434916 0.00235446 0.00235446 0.02475298
 0.02475298 0.00347158 0.00347158 0.03440468 0.03440468 0.0045038
 0.0045038  0.04300561 0.04300561 0.00540747 0.00540747 0.0502918
 0.0502918  0.00615094 0.00615094 0.05604005 0.05604005 0.00670974
 0.00670974 0.06007437 0.06007437 0.00706596 0.00706596 0.06227127
 0.06227127 0.00720831 0.00720831 0.06256351 0.06256351 0.0071323
 0.0071323  0.06094216 0.06094216 0.00684032 0.00684032 0.05745684
 0.05745684 0.00634161 0.00634161 0.05221421 0.05221421 0.0056521
 0.0056521  0.04537478 0.04537478 0.00479421 0.00479421 0.037148
 0.037148   0.00379726 0.00379726 0.02778617 0.02778617 0.00270006
 0.00270006 0.01757777 0.01757777 0.00156958 0.00156958 0.00685024
 0.00685024 0.00072455 0.00072455 0.00421126 0.00421126 0.00130765
 0.00130765 0.01499832 0.01499832 0.00242376 0.00242376 0.02536551
 0.02536551 0.00353741 0.00353741 0.03496141 0.03496141 0.00456287
 0.00456287 0.04348944 0.04348944 0.00545761 0.00545761 0.0506879
 0.0506879  0.00619047 0.00619047 0.05633629 0.05633629 0.00673738
 0.00673738 0.06026168 0.06026168 0.00708082 0.00708082 0.06234391
 0.06234391 0.00720993 0.00720993 0.06251927 0.06251927 0.00712063
 0.00712063 0.06078239 0.06078239 0.00681573 0.00681573 0.05718643
 0.05718643 0.00630488 0.00630488 0.05184144 0.05184144 0.0056044
 0.0056044  0.04491105 0.04491105 0.00473714 0.00473714 0.03660753
 0.03660753 0.00373284 0.00373284 0.02718556 0.02718556 0.00263117
 0.00263117 0.01693565 0.01693565 0.0015029  0.0015029  0.00618949
 0.00618949 0.00071232 0.00071232 0.00486939 0.00486939 0.00137179
 0.00137179 0.01564584 0.01564584 0.002493   0.002493   0.02597515
 0.02597515 0.0036029  0.0036029  0.03551418 0.03551418 0.00462146
 0.00462146 0.04396833 0.04396833 0.00550715 0.00550715 0.05107824
 0.05107824 0.0062293  0.0062293  0.05662612 0.05662612 0.00676425
 0.00676425 0.06044213 0.06044213 0.00709489 0.00709489 0.06240947
 0.06240947 0.00721074 0.00721074 0.06246792 0.06246792 0.00710816
 0.00710816 0.06061571 0.06061571 0.00679037 0.00679037 0.05690951
 0.05690951 0.00626744 0.00626744 0.05146276 0.05146276 0.00555608
 0.00555608 0.04444221 0.04444221 0.00467955 0.00467955 0.0360629
 0.0360629  0.00366805 0.00366805 0.02658186 0.02658186 0.00256214
 0.00256214 0.01629164 0.01629164 0.00143692 0.00143692 0.00552904
 0.00552904 0.0007082  0.0007082  0.00552904 0.00552904 0.00143692
 0.00143692 0.01629164 0.01629164 0.00256214 0.00256214 0.02658186
 0.02658186 0.00366805 0.00366805 0.0360629  0.0360629  0.00467955
 0.00467955 0.04444221 0.04444221 0.00555608 0.00555608 0.05146276
 0.05146276 0.00626744 0.00626744 0.05690951 0.05690951 0.00679037
 0.00679037 0.06061571 0.06061571 0.00710816 0.00710816 0.06246792
 0.06246792 0.00721074 0.00721074 0.06240947 0.06240947 0.00709489
 0.00709489 0.06044213 0.06044213 0.00676425 0.00676425 0.05662612
 0.05662612 0.0062293  0.0062293  0.05107824 0.05107824 0.00550715
 0.00550715 0.04396833 0.04396833 0.00462146 0.00462146 0.03551418
 0.03551418 0.0036029  0.0036029  0.02597515 0.02597515 0.002493
 0.002493   0.01564584 0.01564584 0.00137179 0.00137179 0.00486939
 0.00486939 0.00071232 0.00071232 0.00618949 0.00618949 0.0015029
 0.0015029  0.01693565 0.01693565 0.00263117 0.00263117 0.02718556
 0.02718556 0.00373284 0.00373284 0.03660753 0.03660753 0.00473714
 0.00473714 0.04491105 0.04491105 0.0056044  0.0056044  0.05184144
 0.05184144 0.00630488 0.00630488 0.05718643 0.05718643 0.00681573
 0.00681573 0.06078239 0.06078239 0.00712063 0.00712063 0.06251927
 0.06251927 0.00720993 0.00720993 0.06234391 0.06234391 0.00708082
 0.00708082 0.06026168 0.06026168 0.00673738 0.00673738 0.05633629
 0.05633629 0.00619047 0.00619047 0.0506879  0.0506879  0.00545761
 0.00545761 0.04348944 0.04348944 0.00456287 0.00456287 0.03496141
 0.03496141 0.00353741 0.00353741 0.02536551 0.02536551 0.00242376
 0.00242376 0.01499832 0.01499832 0.00130765 0.00130765 0.00421126
 0.00421126 0.00072455 0.00072455 0.00685024 0.00685024 0.00156958
 0.00156958 0.01757777 0.01757777 0.00270006 0.00270006 0.02778617
 0.02778617 0.00379726 0.00379726 0.037148   0.037148   0.00479421
 0.00479421 0.04537478 0.04537478 0.0056521  0.0056521  0.05221421
 0.05221421 0.00634161 0.00634161 0.05745684 0.05745684 0.00684032
 0.00684032 0.06094216 0.06094216 0.0071323  0.0071323  0.06256351
 0.06256351 0.00720831 0.00720831 0.06227127 0.06227127 0.00706596
 0.00706596 0.06007437 0.06007437 0.00670974 0.00670974 0.05604005
 0.05604005 0.00615094 0.00615094 0.0502918  0.0502918  0.00540747
 0.00540747 0.04300561 0.04300561 0.0045038  0.0045038  0.03440468
 0.03440468 0.00347158 0.00347158 0.02475298 0.02475298 0.00235446
 0.00235446 0.01434916 0.01434916 0.00124469 0.00124469 0.0035559
 0.0035559  0.00074448 0.00074448 0.00751095 0.00751095 0.00163684
 0.00163684 0.01821794 0.01821794 0.0027688  0.0027688  0.02838364
 0.02838364 0.00386131 0.00386131 0.03768425 0.03768425 0.00485077
 0.00485077 0.04583335 0.04583335 0.00569916 0.00569916 0.05258105
 0.05258105 0.00637764 0.00637764 0.05772072 0.05772072 0.00686414
 0.00686414 0.061095   0.061095   0.00714316 0.00714316 0.06260064
 0.06260064 0.00720587 0.00720587 0.06219154 0.06219154 0.0070503
 0.0070503  0.05988023 0.05988023 0.00668135 0.00668135 0.05573744
 0.05573744 0.00611072 0.00611072 0.04988999 0.04988999 0.00535673
 0.00535673 0.04251689 0.04251689 0.00444424 0.00444424 0.03384404
 0.03384404 0.00340543 0.00340543 0.02413766 0.02413766 0.00228511
 0.00228511 0.01369845 0.01369845 0.00118313 0.00118313 0.00290557
 0.00290557 0.0007715  0.0007715  0.00817137 0.00817137 0.0017046
 0.0017046  0.01885608 0.01885608 0.00283736 0.00283736 0.02897789
 0.02897789 0.00392496 0.00392496 0.03821622 0.03821622 0.00490681
 0.00490681 0.0462867  0.0462867  0.0057456  0.0057456  0.05294191
 0.05294191 0.00641295 0.00641295 0.05797803 0.05797803 0.00688719
 0.00688719 0.06124089 0.06124089 0.00715322 0.00715322 0.06263064
 0.06263064 0.00720262 0.00720262 0.06210473 0.06210473 0.00703384
 0.00703384 0.05967927 0.05967927 0.00665221 0.00665221 0.05542849
 0.05542849 0.00606983 0.00606983 0.04948249 0.04948249 0.00530541
 0.00530541 0.04202333 0.04202333 0.00438421 0.00438421 0.03327955
 0.03327955 0.00333896 0.00333896 0.02351961 0.02351961 0.00221576
 0.00221576 0.01304628 0.01304628 0.00112323 0.00112323 0.00226504
 0.00226504 0.0008049  0.0008049  0.00883129 0.00883129 0.00177277
 0.00177277 0.01949211 0.01949211 0.00290573 0.00290573 0.02956885
 0.02956885 0.00398822 0.00398822 0.03874384 0.03874384 0.00496231
 0.00496231 0.0467348  0.0467348  0.0057914  0.0057914  0.05329675
 0.05329675 0.00644754 0.00644754 0.05822875 0.05822875 0.00690946
 0.00690946 0.06137982 0.06137982 0.00716247 0.00716247 0.06265352
 0.06265352 0.00719856 0.00719856 0.06201087 0.06201087 0.0070166
 0.0070166  0.05947153 0.05947153 0.00662233 0.00662233 0.05511324
 0.05511324 0.00602825 0.00602825 0.04906937 0.04906937 0.00525349
 0.00525349 0.041525   0.041525   0.00432372 0.00432372 0.03271129
 0.03271129 0.0032722  0.0032722  0.02289891 0.02289891 0.00214642
 0.00214642 0.01239273 0.01239273 0.00106531 0.00106531 0.00164623
 0.00164623 0.00084389 0.00084389 0.00949056 0.00949056 0.00184127
 0.00184127 0.02012595 0.02012595 0.00297389 0.00297389 0.03015645
 0.03015645 0.00405108 0.00405108 0.03926706 0.03926706 0.00501727
 0.00501727 0.04717758 0.04717758 0.00583655 0.00583655 0.05364552
 0.05364552 0.00648141 0.00648141 0.05847284 0.05847284 0.00693096
 0.00693096 0.06151176 0.06151176 0.00717092 0.00717092 0.06266927
 0.06266927 0.00719369 0.00719369 0.06190995 0.06190995 0.00699856
 0.00699856 0.05925703 0.05925703 0.0065917  0.0065917  0.05479171
 0.05479171 0.00598601 0.00598601 0.04865067 0.04865067 0.005201
 0.005201   0.04102195 0.04102195 0.00426278 0.00426278 0.03213931
 0.03213931 0.00320514 0.00320514 0.02227561 0.02227561 0.00207713
 0.00207713 0.01173808 0.01173808 0.00095288]
