[prun] Master compute host = compute-7-2-27
[prun] Resource manager = slurm
[prun] Launch cmd = mpiexec.hydra -bootstrap slurm python WO2_long_time.py (family=mvapich2)
  File "  File "WO2_long_time.py", line 173
    U_m = (V3 @ np.diag(np.exp(-1j*E3*(T*(1 + noise[0][0])/3))) @ V3.conj().T) @ (V2 @ np.diag(np.exp(-1j*E2*(T*(1 + noise[0][1])/3))) @ V2.conj().T) @ (V1 @ np.diag(np.exp(-1j*E1*(T*(1 + noise[0][2])/3))) @ V1.conj().T)
              ^
SyntaxError: invalid syntax
  File "WO2_long_time.py", line 173
    U_m = (V3 @ np.diag(np.exp(-1j*E3*(T*(1 + noise[0][0])/3))) @ V3.conj().T) @ (V2 @ np.diag(np.exp(-1j*E2*(T*(1 + noise[0][1])/3))) @ V2.conj().T) @ (V1 @ np.diag(np.exp(-1j*E1*(T*(1 + noise[0][2])/3))) @ V1.conj().T)
              ^
SyntaxError: invalid syntax
  File "WO2_long_time.py", line 173
    U_m = (V3 @ np.diag(np.exp(-1j*E3*(T*(1 + noise[0][0])/3))) @ V3.conj().T) @ (V2 @ np.diag(np.exp(-1j*E2*(T*(1 + noise[0][1])/3))) @ V2.conj().T) @ (V1 @ np.diag(np.exp(-1j*E1*(T*(1 + noise[0][2])/3))) @ V1.conj().T)
              ^
SyntaxError: invalid syntax
  File "WO2_long_time.py", line 173
    U_m = (V3 @ np.diag(np.exp(-1j*E3*(T*(1 + noise[0][0])/3))) @ V3.conj().T) @ (V2 @ np.diag(np.exp(-1j*E2*(T*(1 + noise[0][1])/3))) @ V2.conj().T) @ (V1 @ np.diag(np.exp(-1j*E1*(T*(1 + noise[0][2])/3))) @ V1.conj().T)
              ^
SyntaxError: invalid syntax
  File "WO2_long_time.py", line 173
    U_m = (V3 @ np.diag(np.exp(-1j*E3*(T*(1 + noise[0][0])/3))) @ V3.conj().T) @ (V2 @ np.diag(np.exp(-1j*E2*(T*(1 + noise[0][1])/3))) @ V2.conj().T) @ (V1 @ np.diag(np.exp(-1j*E1*(T*(1 + noise[0][2])/3))) @ V1.conj().T)
              ^
SyntaxError: invalid syntax
  File "WO2_long_time.py", line 173
    U_m = (V3 @ np.diag(np.exp(-1j*E3*(T*(1 + noise[0][0])/3))) @ V3.conj().T) @ (V2 @ np.diag(np.exp(-1j*E2*(T*(1 + noise[0][1])/3))) @ V2.conj().T) @ (V1 @ np.diag(np.exp(-1j*E1*(T*(1 + noise[0][2])/3))) @ V1.conj().T)
              ^
SyntaxError: invalid syntax
  File "WO2_long_time.py", line 173
    U_m = (V3 @ np.diag(np.exp(-1j*E3*(T*(1 + noise[0][0])/3))) @ V3.conj().T) @ (V2 @ np.diag(np.exp(-1j*E2*(T*(1 + noise[0][1])/3))) @ V2.conj().T) @ (V1 @ np.diag(np.exp(-1j*E1*(T*(1 + noise[0][2])/3))) @ V1.conj().T)
              ^
SyntaxError: invalid syntax
WO2_long_time.py  File "WO2_long_time.py", line 173
    U_m = (V3 @ np.diag(np.exp(-1j*E3*(T*(1 + noise[0][0])/3))) @ V3.conj().T) @ (V2 @ np.diag(np.exp(-1j*E2*(T*(1 + noise[0][1])/3))) @ V2.conj().T) @ (V1 @ np.diag(np.exp(-1j*E1*(T*(1 + noise[0][2])/3))) @ V1.conj().T)
              ^
SyntaxError: invalid syntax  File "WO2_long_time.py", line 173
    U_m = (V3 @ np.diag(np.exp(-1j*E3*(T*(1 + noise[0][0])/3))) @ V3.conj().T) @ (V2 @ np.diag(np.exp(-1j*E2*(T*(1 + noise[0][1])/3))) @ V2.conj().T) @ (V1 @ np.diag(np.exp(-1j*E1*(T*(1 + noise[0][2])/3))) @ V1.conj().T)
              
^
SyntaxError: invalid syntax
", line 173
    U_m = (V3 @ np.diag(np.exp(-1j*E3*(T*(1 + noise[0][0])/3))) @ V3.conj().T) @ (V2 @ np.diag(np.exp(-1j*E2*(T*(1 + noise[0][1])/3))) @ V2.conj().T) @ (V1 @ np.diag(np.exp(-1j*E1*(T*(1 + noise[0][2])/3))) @ V1.conj().T)
  File "WO2_long_time.py", line 173
    U_m = (V3 @ np.diag(np.exp(-1j*E3*(T*(1 + noise[0][0])/3))) @ V3.conj().T) @ (V2 @ np.diag(np.exp(-1j*E2*(T*(1 + noise[0][1])/3))) @ V2.conj().T) @ (V1 @ np.diag(np.exp(-1j*E1*(T*(1 + noise[0][2])/3))) @ V1.conj().T)
              ^
SyntaxError: invalid syntax
       File "WO2_long_time.py", line 173
    U_m = (V3 @ np.diag(np.exp(-1j*E3*(T*(1 + noise[0][0])/3))) @ V3.conj().T) @ (V2 @ np.diag(np.exp(-1j*E2*(T*(1 + noise[0][1])/3))) @ V2.conj().T) @ (V1 @ np.diag(np.exp(-1j*E1*(T*(1 + noise[0][2])/3))) @ V1.conj().T)
              ^
SyntaxError: invalid syntax
     File "WO2_long_time.py", line 173
    U_m = (V3 @ np.diag(np.exp(-1j*E3*(T*(1 + noise[0][0])/3))) @ V3.conj().T) @ (V2 @ np.diag(np.exp(-1j*E2*(T*(1 + noise[0][1])/3))) @ V2.conj().T) @ (V1 @ np.diag(np.exp(-1j*E1*(T*(1 + noise[0][2])/3))) @ V1.conj().T)
              ^
SyntaxError:   File "WO2_long_time.py", line 173
invalid syntax
    U_m = (V3 @ np.diag(np.exp(-1j*E3*(T*(1 + noise[0][0])/3))) @ V3.conj().T) @ (V2 @ np.diag(np.exp(-1j*E2*(T*(1 + noise[0][1])/3))) @ V2.conj().T) @ (V1 @ np.diag(np.exp(-1j*E1*(T*(1 + noise[0][2])/3))) @ V1.conj().T)
              ^
SyntaxError: invalid syntax
      File "WO2_long_time.py", line 173
    U_m = (V3 @ np.diag(np.exp(-1j*E3*(T*(1 + noise[0][0])/3))) @ V3.conj().T) @ (V2 @ np.diag(np.exp(-1j*E2*(T*(1 + noise[0][1])/3))) @ V2.conj().T) @ (V1 @ np.diag(np.exp(-1j*E1*(T*(1 + noise[0][2])/3))) @ V1.conj().T)
              ^
SyntaxError: invalid syntax
  ^
SyntaxError: invalid syntax
  File "WO2_long_time.py", line 173
    U_m = (V3 @ np.diag(np.exp(-1j*E3*(T*(1 + noise[0][0])/3))) @ V3.conj().T) @ (V2 @ np.diag(np.exp(-1j*E2*(T*(1 + noise[0][1])/3))) @ V2.conj().T) @ (V1 @ np.diag(np.exp(-1j*E1*(T*(1 + noise[0][2])/3))) @ V1.conj().T)
              ^
SyntaxError: invalid syntax
  File "WO2_long_time.py  File "WO2_long_time.py", line 173
    U_m = (V3 @ np.diag(np.exp(-1j*E3*(T*(1 + noise[0][0])/3))) @ V3.conj().T) @ (V2 @ np.diag(np.exp(-1j*E2*(T*(1 + noise[0][1])/3))) @ V2.conj().T) @ (V1 @ np.diag(np.exp(-1j*E1*(T*(1 + noise[0][2])/3))) @ V1.conj().T)
              ^
SyntaxError: invalid syntax  File "WO2_long_time.py", line 
173
    U_m = (V3 @ np.diag(np.exp(-1j*E3*(T*(1 + noise[0][0])/3))) @ V3.conj().T) @ (V2 @ np.diag(np.exp(-1j*E2*(T*(1 + noise[0][1])/3))) @ V2.conj().T) @ (V1 @ np.diag(np.exp(-1j*E1*(T*(1 + noise[0][2])/3))) @ V1.conj().T)
              ^
  File "WO2_long_time.py", line 173
    U_m = (V3 @ np.diag(np.exp(-1j*E3*(T*(1 + noise[0][0])/3))) @ V3.conj().T) @ (V2 @ np.diag(np.exp(-1j*E2*(T*(1 + noise[0][1])/3))) @ V2.conj().T) @ (V1 @ np.diag(np.exp(-1j*E1*(T*(1 + noise[0][2])/3))) @ V1.conj().T)
           File "WO2_long_time.py", line SyntaxError: invalid syntax
     ^
SyntaxError: invalid syntax
  File "WO2_long_time.py", line 173
    U_m = (V3 @ np.diag(np.exp(-1j*E3*(T*(1 + noise[0][0])/3))) @ V3.conj().T) @ (V2 @ np.diag(np.exp(-1j*E2*(T*(1 + noise[0][1])/3))) @ V2.conj().T) @ (V1 @ np.diag(np.exp(-1j*E1*(T*(1 + noise[0][2])/3))) @ V1.conj().T)
             173
    U_m = (V3 @ np.diag(np.exp(-1j*E3*(T*(1 + noise[0][0])/3))) @ V3.conj().T) @ (V2 @ np.diag(np.exp(-1j*E2*(T*(1 + noise[0][1])/3))) @ V2.conj().T) @ (V1 @ np.diag(np.exp(-1j*E1*(T*(1 + noise[0][2])/3))) @ V1.conj().T)
              ^
SyntaxError: invalid syntax
  File "WO2_long_time.py", line 173
    U_m = (V3 @ np.diag(np.exp(-1j*E3*(T*(1 + noise[0][0])/3))) @ V3.conj().T) @ (V2 @ np.diag(np.exp(-1j*E2*(T*(1 + noise[0][1])/3))) @ V2.conj().T) @ (V1 @ np.diag(np.exp(-1j*E1*(T*(1 + noise[0][2])/3))) @ V1.conj().T)
               File "WO2_long_time.py", line 173
    U_m = (V3 @ np.diag(np.exp(-1j*E3*(T*(1 + noise[0][0])/3))) @ V3.conj().T) @ (V2 @ np.diag(np.exp(-1j*E2*(T*(1 + noise[0][1])/3))) @ V2.conj().T) @ (V1 @ np.diag(np.exp(-1j*E1*(T*(1 + noise[0][2])/3))) @ V1.conj().T)
              ^
SyntaxError: invalid syntax
  File "WO2_long_time.py", line 173
    U_m = (V3 @ np.diag(np.exp(-1j*E3*(T*(1 + noise[0][0])/3))) @ V3.conj().T) @ (V2 @ np.diag(np.exp(-1j*E2*(T*(1 + noise[0][1])/3))) @ V2.conj().T) @ (V1 @ np.diag(np.exp(-1j*E1*(T*(1 + noise[0][2])/3))) @ V1.conj().T)
              ^
SyntaxError: invalid syntax
 ^
SyntaxError: invalid syntax
 ^
SyntaxError: invalid syntax
", line   File "WO2_long_time.py", line 173
    U_m = (V3 @ np.diag(np.exp(-1j*E3*(T*(1 + noise[0][0])/3))) @ V3.conj().T) @ (V2 @ np.diag(np.exp(-1j*E2*(T*(1 + noise[0][1])/3))) @ V2.conj().T) @ (V1 @ np.diag(np.exp(-1j*E1*(T*(1 + noise[0][2])/3))) @ V1.conj().T)
      File "WO2_long_time.py", line 173
    U_m = (V3 @ np.diag(np.exp(-1j*E3*(T*(1 + noise[0][0])/3))) @ V3.conj().T) @ (V2 @ np.diag(np.exp(-1j*E2*(T*(1 + noise[0][1])/3))) @ V2.conj().T) @ (V1 @ np.diag(np.exp(-1j*E1*(T*(1 + noise[0][2])/3))) @ V1.conj().T)
                      ^
SyntaxError: invalid syntax
  ^
SyntaxError: invalid syntax
  File "WO2_long_time.py", line 173
    U_m = (V3 @ np.diag(np.exp(-1j*E3*(T*(1 + noise[0][0])/3))) @ V3.conj().T) @ (V2 @ np.diag(np.exp(-1j*E2*(T*(1 + noise[0][1])/3))) @ V2.conj().T) @ (V1 @ np.diag(np.exp(-1j*E1*(T*(1 + noise[0][2])/3))) @ V1.conj().T)
              ^
SyntaxError: invalid syntax
  File "WO2_long_time.py", line 173
    U_m = (V3 @ np.diag(np.exp(-1j*E3*(T*(1 + noise[0][0])/3))) @ V3.conj().T) @ (V2 @ np.diag(np.exp(-1j*E2*(T*(1 + noise[0][1])/3))) @ V2.conj().T) @ (V1 @ np.diag(np.exp(-1j*E1*(T*(1 + noise[0][2])/3))) @ V1.conj().T)
              ^
SyntaxError: invalid syntax
173
      File "WO2_long_time.py", line 173
    U_m = (V3 @ np.diag(np.exp(-1j*E3*(T*(1 + noise[0][0])/3))) @ V3.conj().T) @ (V2 @ np.diag(np.exp(-1j*E2*(T*(1 + noise[0][1])/3))) @ V2.conj().T) @ (V1 @ np.diag(np.exp(-1j*E1*(T*(1 + noise[0][2])/3))) @ V1.conj().T)
              ^
SyntaxError: invalid syntax
U_m = (V3 @ np.diag(np.exp(-1j*E3*(T*(1 + noise[0][0])/3))) @ V3.conj().T) @ (V2 @ np.diag(np.exp(-1j*E2*(T*(1 + noise[0][1])/3))) @ V2.conj().T) @ (V1 @ np.diag(np.exp(-1j*E1*(T*(1 + noise[0][2])/3))) @ V1.conj().T)
              ^
SyntaxError: invalid syntax
  File "  File "WO2_long_time.py", line 173
    U_m = (V3 @ np.diag(np.exp(-1j*E3*(T*(1 + noise[0][0])/3))) @ V3.conj().T) @ (V2 @ np.diag(np.exp(-1j*E2*(T*(1 + noise[0][1])/3))) @ V2.conj().T) @ (V1 @ np.diag(np.exp(-1j*E1*(T*(1 + noise[0][2])/3))) @ V1.conj().T)
              ^
SyntaxError: invalid syntax
WO2_long_time.py", line 173
    U_m = (V3 @ np.diag(np.exp(-1j*E3*(T*(1 + noise[0][0])/3))) @ V3.conj().T) @ (V2 @ np.diag(np.exp(-1j*E2*(T*(1 + noise[0][1])/3))) @ V2.conj().T) @ (V1 @ np.diag(np.exp(-1j*E1*(T*(1 + noise[0][2])/3))) @ V1.conj().T)
              ^
SyntaxError: invalid syntax
