[prun] Master compute host = compute-7-2-21
[prun] Resource manager = slurm
[prun] Launch cmd = mpiexec.hydra -bootstrap slurm python WO2_long_time.py (family=mvapich2)
  File "  File "WO2_long_time.py", line 89
    return psi.conjugate().transpose()
         ^
IndentationError: expected an indented block
  File "WO2_long_time.py", line 89
    return psi.conjugate().transpose()
         ^
IndentationError: expected an indented block
  File "WO2_long_time.py", line 89
    return psi.conjugate().transpose()
         ^
IndentationError: expected an indented block
  File "WO2_long_time.py", line 89
    return psi.conjugate().transpose()
         ^
IndentationError: expected an indented block
  File "WO2_long_time.py", line 89
    return psi.conjugate().transpose()
         ^
IndentationError: expected an indented block
  File "WO2_long_time.py", line 89
    return psi.conjugate().transpose()
         ^
IndentationError: expected an indented block
  File "WO2_long_time.py", line 89
    return psi.conjugate().transpose()
         ^
IndentationError: expected an indented block
  File "WO2_long_time.py", line 89
    return psi.conjugate().transpose()
         ^
IndentationError: expected an indented block
  File "WO2_long_time.py", line 89
    return psi.conjugate().transpose()
         ^
IndentationError: expected an indented block
  File "WO2_long_time.py", line 89
    return psi.conjugate().transpose()
         ^
IndentationError: expected an indented block
  File "WO2_long_time.py", line 89
    return psi.conjugate().transpose()
         ^
IndentationError: expected an indented block
  File "WO2_long_time.py", line 89
    return psi.conjugate().transpose()
         ^
IndentationError: expected an indented block
  File "WO2_long_time.py", line 89
    return psi.conjugate().transpose()
         ^
IndentationError: expected an indented block
WO2_long_time.py", line 89
    return psi.conjugate().transpose()
         ^
IndentationError:   File "WO2_long_time.py", line 89
    return psi.conjugate().transpose()
         ^
IndentationError: expected an indented block
expected an indented block
  File "WO2_long_time.py", line 89
    return psi.conjugate().transpose()
         ^
IndentationError: expected an indented block
  File "WO2_long_time.py", line 89
    return psi.conjugate().transpose()
         ^
IndentationError: expected an indented block
  File "WO2_long_time.py", line 89
    return psi.conjugate().transpose()
         ^
IndentationError: expected an indented block
  File "WO2_long_time.py", line 89
    return psi.conjugate().transpose()
         ^
IndentationError: expected an indented block
  File "WO2_long_time.py", line 89
    return psi.conjugate().transpose()
         ^
IndentationError: expected an indented block
  File "WO2_long_time.py", line 89
    return psi.conjugate().transpose()
         ^
IndentationError: expected an indented block
  File "WO2_long_time.py", line 89
    return psi.conjugate().transpose()
         ^
IndentationError: expected an indented block
  File "WO2_long_time.py", line 89
    return psi.conjugate().transpose()
         ^
IndentationError: expected an indented block
  File "WO2_long_time.py  File "WO2_long_time.py", line 89
    return psi.conjugate().transpose()
         ^
IndentationError: expected an indented block
", line   File "WO2_long_time.py", line 89
    return psi.conjugate().transpose()
         ^
IndentationError: expected an indented block
89
    return psi.conjugate().transpose()
         ^
IndentationError: expected an indented block
  File "WO2_long_time.py", line 89
    return psi.conjugate().transpose()
         ^
IndentationError: expected an indented block
  File "WO2_long_time.py", line 89
    return psi.conjugate().transpose()
         ^
IndentationError: expected an indented block
  File "WO2_long_time.py", line 89
    return psi.conjugate().transpose()
         ^
IndentationError: expected an indented block
  File "WO2_long_time.py", line 89
    return psi.conjugate().transpose()
          File "WO2_long_time.py", line 89
    return psi.conjugate().transpose()
         ^
IndentationError: expected an indented block
  File "WO2_long_time.py", line 89
    return psi.conjugate().transpose()
         ^
IndentationError: expected an indented block
 ^
IndentationError: expected an indented block
